<?xml version="1.0" encoding="UTF-8"?>
<testng-results ignored="0" total="1" passed="1" failed="0" skipped="0">
  <reporter-output>
  </reporter-output>
  <suite started-at="2024-10-21T05:42:37 IST" name="Suite" finished-at="2024-10-21T05:42:57 IST" duration-ms="20047">
    <groups>
    </groups>
    <test started-at="2024-10-21T05:42:37 IST" name="Test" finished-at="2024-10-21T05:42:57 IST" duration-ms="20047">
      <class name="saleforce_01.CreateAccount_001">
        <test-method is-config="true" signature="preCondition()[pri:0, instance:saleforce_01.CreateAccount_001@48aca48b]" started-at="2024-10-21T05:42:37 IST" name="preCondition" finished-at="2024-10-21T05:42:47 IST" duration-ms="9875" status="PASS">
          <reporter-output>
          </reporter-output>
        </test-method> <!-- preCondition -->
        <test-method signature="createaccount()[pri:0, instance:saleforce_01.CreateAccount_001@48aca48b]" started-at="2024-10-21T05:42:47 IST" name="createaccount" finished-at="2024-10-21T05:42:57 IST" duration-ms="9890" status="PASS">
          <reporter-output>
          </reporter-output>
        </test-method> <!-- createaccount -->
        <test-method is-config="true" signature="postCondition()[pri:0, instance:saleforce_01.CreateAccount_001@48aca48b]" started-at="2024-10-21T05:42:57 IST" name="postCondition" finished-at="2024-10-21T05:42:57 IST" duration-ms="249" status="PASS">
          <reporter-output>
          </reporter-output>
        </test-method> <!-- postCondition -->
      </class> <!-- saleforce_01.CreateAccount_001 -->
    </test> <!-- Test -->
  </suite> <!-- Suite -->
</testng-results>
